<?xml version="1.0" encoding="UTF-8"?>
<testsuite xmlns:xsi="http://www.w3.org/2001/XMLSchema-instance" xsi:noNamespaceSchemaLocation="https://maven.apache.org/surefire/maven-surefire-plugin/xsd/surefire-test-report-3.0.xsd" version="3.0" name="TestSuite" time="9.409" tests="3" errors="0" skipped="0" failures="2">
  <properties>
[...]
</properties>
  <testcase name="login[user, user, Failure](1)" classname="tests.LoginTest" time="0.61">
    <failure message="expected [Failure] but found [Passed]" type="java.lang.AssertionError"><![CDATA[java.lang.AssertionError: expected [Failure] but found [Passed]
	at org.testng.Assert.fail(Assert.java:99)
	at org.testng.Assert.failNotEquals(Assert.java:1037)
	at org.testng.Assert.assertEqualsImpl(Assert.java:140)
	at org.testng.Assert.assertEquals(Assert.java:122)
	at org.testng.Assert.assertEquals(Assert.java:629)
	at org.testng.Assert.assertEquals(Assert.java:639)
	at tests.LoginTest.login(LoginTest.java:47)
	at sun.reflect.NativeMethodAccessorImpl.invoke0(Native Method)
	at sun.reflect.NativeMethodAccessorImpl.invoke(NativeMethodAccessorImpl.java:62)
	at sun.reflect.DelegatingMethodAccessorImpl.invoke(DelegatingMethodAccessorImpl.java:43)
	at java.lang.reflect.Method.invoke(Method.java:498)
	at org.testng.internal.MethodInvocationHelper.invokeMethod(MethodInvocationHelper.java:133)
	at org.testng.internal.TestInvoker.invokeMethod(TestInvoker.java:598)
	at org.testng.internal.TestInvoker.invokeTestMethod(TestInvoker.java:173)
	at org.testng.internal.MethodRunner.runInSequence(MethodRunner.java:46)
	at org.testng.internal.TestInvoker$MethodInvocationAgent.invoke(TestInvoker.java:824)
	at org.testng.internal.TestInvoker.invokeTestMethods(TestInvoker.java:146)
	at org.testng.internal.TestMethodWorker.invokeTestMethods(TestMethodWorker.java:146)
	at org.testng.internal.TestMethodWorker.run(TestMethodWorker.java:128)
	at java.util.ArrayList.forEach(ArrayList.java:1259)
	at org.testng.TestRunner.privateRun(TestRunner.java:794)
	at org.testng.TestRunner.run(TestRunner.java:596)
	at org.testng.SuiteRunner.runTest(SuiteRunner.java:377)
	at org.testng.SuiteRunner.runSequentially(SuiteRunner.java:371)
	at org.testng.SuiteRunner.privateRun(SuiteRunner.java:332)
	at org.testng.SuiteRunner.run(SuiteRunner.java:276)
	at org.testng.SuiteRunnerWorker.runSuite(SuiteRunnerWorker.java:53)
	at org.testng.SuiteRunnerWorker.run(SuiteRunnerWorker.java:96)
	at org.testng.TestNG.runSuitesSequentially(TestNG.java:1212)
	at org.testng.TestNG.runSuitesLocally(TestNG.java:1134)
	at org.testng.TestNG.runSuites(TestNG.java:1063)
	at org.testng.TestNG.run(TestNG.java:1031)
	at org.apache.maven.surefire.testng.TestNGExecutor.run(TestNGExecutor.java:324)
	at org.apache.maven.surefire.testng.TestNGXmlTestSuite.execute(TestNGXmlTestSuite.java:74)
	at org.apache.maven.surefire.testng.TestNGProvider.invoke(TestNGProvider.java:123)
	at org.apache.maven.surefire.booter.ForkedBooter.runSuitesInProcess(ForkedBooter.java:456)
	at org.apache.maven.surefire.booter.ForkedBooter.execute(ForkedBooter.java:169)
	at org.apache.maven.surefire.booter.ForkedBooter.run(ForkedBooter.java:595)
	at org.apache.maven.surefire.booter.ForkedBooter.main(ForkedBooter.java:581)
]]></failure>
    <system-out><![CDATA[[DEBUG] Resolution chrome=103 in cache (valid until 03:23:49 12/07/2022 IST)
[DEBUG] Resolution chrome103=103.0.5060.53 in cache (valid until 00:00:31 13/07/2022 IST)
[INFO] Using chromedriver 103.0.5060.53 (resolved driver for Chrome 103)
[DEBUG] Driver chromedriver 103.0.5060.53 found in cache
[INFO] Exporting webdriver.chrome.driver as C:\Users\Akshay\.cache\selenium\chromedriver\win32\103.0.5060.53\chromedriver.exe
[DEBUG] Using SLF4J as the default logging framework
[DEBUG] -Dio.netty.leakDetection.level: simple
[DEBUG] -Dio.netty.leakDetection.targetRecords: 4
[DEBUG] Loaded default ResourceLeakDetector: io.netty.util.ResourceLeakDetector@1b835480
[DEBUG] -Dio.netty.noUnsafe: false
[DEBUG] Java version: 8
[DEBUG] sun.misc.Unsafe.theUnsafe: available
[DEBUG] sun.misc.Unsafe.copyMemory: available
[DEBUG] java.nio.Buffer.address: available
[DEBUG] direct buffer constructor: available
[DEBUG] java.nio.Bits.unaligned: available, true
[DEBUG] jdk.internal.misc.Unsafe.allocateUninitializedArray(int): unavailable prior to Java9
[DEBUG] java.nio.DirectByteBuffer.<init>(long, int): available
[DEBUG] sun.misc.Unsafe: available
[DEBUG] -Dio.netty.tmpdir: C:\Users\Akshay\AppData\Local\Temp (java.io.tmpdir)
[DEBUG] -Dio.netty.bitMode: 64 (sun.arch.data.model)
[DEBUG] Platform: Windows
[DEBUG] -Dio.netty.maxDirectMemory: 1890582528 bytes
[DEBUG] -Dio.netty.uninitializedArrayAllocationThreshold: -1
[DEBUG] java.nio.ByteBuffer.cleaner(): available
[DEBUG] -Dio.netty.noPreferDirect: false
[DEBUG] org.jctools-core.MpscChunkedArrayQueue: available
[DEBUG] -Dio.netty.threadLocalMap.stringBuilder.initialSize: 1024
[DEBUG] -Dio.netty.threadLocalMap.stringBuilder.maxSize: 4096
[DEBUG] Default protocols (JDK): [TLSv1.2, TLSv1.1, TLSv1] 
[DEBUG] Default cipher suites (JDK): [TLS_ECDHE_ECDSA_WITH_AES_256_GCM_SHA384, TLS_ECDHE_ECDSA_WITH_AES_128_GCM_SHA256, TLS_ECDHE_RSA_WITH_AES_128_GCM_SHA256, TLS_ECDHE_RSA_WITH_AES_256_GCM_SHA384, TLS_ECDHE_RSA_WITH_AES_128_CBC_SHA, TLS_ECDHE_RSA_WITH_AES_256_CBC_SHA, TLS_RSA_WITH_AES_128_GCM_SHA256, TLS_RSA_WITH_AES_128_CBC_SHA, TLS_RSA_WITH_AES_256_CBC_SHA, TLS_AES_128_GCM_SHA256, TLS_AES_256_GCM_SHA384]
[DEBUG] -Dio.netty.eventLoopThreads: 16
[DEBUG] -Dio.netty.noKeySetOptimization: false
[DEBUG] -Dio.netty.selectorAutoRebuildThreshold: 512
[DEBUG] -Dio.netty.allocator.numHeapArenas: 16
[DEBUG] -Dio.netty.allocator.numDirectArenas: 16
[DEBUG] -Dio.netty.allocator.pageSize: 8192
[DEBUG] -Dio.netty.allocator.maxOrder: 11
[DEBUG] -Dio.netty.allocator.chunkSize: 16777216
[DEBUG] -Dio.netty.allocator.smallCacheSize: 256
[DEBUG] -Dio.netty.allocator.normalCacheSize: 64
[DEBUG] -Dio.netty.allocator.maxCachedBufferCapacity: 32768
[DEBUG] -Dio.netty.allocator.cacheTrimInterval: 8192
[DEBUG] -Dio.netty.allocator.cacheTrimIntervalMillis: 0
[DEBUG] -Dio.netty.allocator.useCacheForAllThreads: true
[DEBUG] -Dio.netty.allocator.maxCachedByteBuffersPerChunk: 1023
[DEBUG] -Dio.netty.allocator.type: pooled
[DEBUG] -Dio.netty.threadLocalDirectBufferSize: 0
[DEBUG] -Dio.netty.maxThreadLocalCharBufferSize: 16384
[DEBUG] -Dio.netty.processId: 16196 (auto-detected)
[DEBUG] -Djava.net.preferIPv4Stack: false
[DEBUG] -Djava.net.preferIPv6Addresses: false
[DEBUG] Loopback interface: lo (Software Loopback Interface 1, 127.0.0.1)
[DEBUG] Failed to get SOMAXCONN from sysctl and file \proc\sys\net\core\somaxconn. Default: 200
[DEBUG] -Dio.netty.machineId: fc:de:56:ff:fe:ff:01:06 (auto-detected)
[DEBUG] -Dio.netty.buffer.checkAccessible: true
[DEBUG] -Dio.netty.buffer.checkBounds: true
[DEBUG] Loaded default ResourceLeakDetector: io.netty.util.ResourceLeakDetector@22ec2091
[DEBUG] Using new Channel '[id: 0x1b4be64a, L:/127.0.0.1:51332 - R:localhost/127.0.0.1:59611]' for 'POST' to '/session'
[DEBUG] -Dio.netty.recycler.maxCapacityPerThread: 4096
[DEBUG] -Dio.netty.recycler.maxSharedCapacityFactor: 2
[DEBUG] -Dio.netty.recycler.linkCapacity: 16
[DEBUG] -Dio.netty.recycler.ratio: 8
[DEBUG] -Dio.netty.recycler.delayedQueue.ratio: 8
[DEBUG] brotli4j not in the classpath; Brotli support will be unavailable.
[DEBUG] 

Request DefaultHttpRequest(decodeResult: success, version: HTTP/1.1)
POST /session HTTP/1.1
User-Agent: selenium/4.1.0 (java windows)
Content-Length: 365
Content-Type: application/json; charset=utf-8
host: localhost:59611
accept: */*

Response DefaultHttpResponse(decodeResult: success, version: HTTP/1.1)
HTTP/1.1 200 OK
Content-Type: application/json; charset=utf-8
cache-control: no-cache
content-length: 790

[DEBUG] Adding key: http://localhost:59611 for channel [id: 0x1b4be64a, L:/127.0.0.1:51332 - R:localhost/127.0.0.1:59611]
[DEBUG] Using new Channel '[id: 0x48500add, L:/127.0.0.1:51339 - R:localhost/127.0.0.1:51333]' for 'GET' to '/json/version'
[DEBUG] 

Request DefaultFullHttpRequest(decodeResult: success, version: HTTP/1.1, content: EmptyByteBufBE)
GET /json/version HTTP/1.1
User-Agent: selenium/4.1.0 (java windows)
host: localhost:51333
accept: */*

Response DefaultHttpResponse(decodeResult: success, version: HTTP/1.1)
HTTP/1.1 200 OK
Content-Type: application/json; charset=UTF-8
content-length: 429

[DEBUG] Adding key: http://localhost:51333 for channel [id: 0x48500add, L:/127.0.0.1:51339 - R:localhost/127.0.0.1:51333]
[DEBUG] -Dio.netty.initialSeedUniquifier: 0xf5fcf37ad4b6e47a
[DEBUG] Using new Channel '[id: 0x60f1738d, L:/127.0.0.1:51340 - R:localhost/127.0.0.1:51333]' for 'GET' to '/devtools/browser/0cf97166-77b2-4f92-8289-fdcd03bde827'
[DEBUG] 

Request DefaultFullHttpRequest(decodeResult: success, version: HTTP/1.1, content: EmptyByteBufBE)
GET /devtools/browser/0cf97166-77b2-4f92-8289-fdcd03bde827 HTTP/1.1
upgrade: websocket
connection: upgrade
sec-websocket-key: 9wuRgNWXpaMzsYw3F4p6qA==
sec-websocket-version: 13
origin: http://localhost:51333
host: localhost:51333
accept: */*
user-agent: AHC/2.1

Response DefaultHttpResponse(decodeResult: success, version: HTTP/1.1)
HTTP/1.1 101 WebSocket Protocol Handshake
Upgrade: WebSocket
Connection: Upgrade
Sec-WebSocket-Accept: pnApXLYskdMfaMfmyiEHMevTMaM=

[DEBUG] Using pooled Channel '[id: 0x1b4be64a, L:/127.0.0.1:51332 - R:localhost/127.0.0.1:59611]' for 'POST' to 'http://localhost:59611/session/310c41dd2aad912c71f8fbca42f57511/window/maximize'
[DEBUG] Using open Channel [id: 0x1b4be64a, L:/127.0.0.1:51332 - R:localhost/127.0.0.1:59611] for POST '/session/310c41dd2aad912c71f8fbca42f57511/window/maximize'
[DEBUG] 

Request DefaultHttpRequest(decodeResult: success, version: HTTP/1.1)
POST /session/310c41dd2aad912c71f8fbca42f57511/window/maximize HTTP/1.1
User-Agent: selenium/4.1.0 (java windows)
Content-Length: 3
Content-Type: application/json; charset=utf-8
host: localhost:59611
accept: */*

Response DefaultHttpResponse(decodeResult: success, version: HTTP/1.1)
HTTP/1.1 200 OK
Content-Type: application/json; charset=utf-8
cache-control: no-cache
content-length: 52

[DEBUG] Adding key: http://localhost:59611 for channel [id: 0x1b4be64a, L:/127.0.0.1:51332 - R:localhost/127.0.0.1:59611]
[DEBUG] Using pooled Channel '[id: 0x1b4be64a, L:/127.0.0.1:51332 - R:localhost/127.0.0.1:59611]' for 'POST' to 'http://localhost:59611/session/310c41dd2aad912c71f8fbca42f57511/timeouts'
[DEBUG] Using open Channel [id: 0x1b4be64a, L:/127.0.0.1:51332 - R:localhost/127.0.0.1:59611] for POST '/session/310c41dd2aad912c71f8fbca42f57511/timeouts'
[DEBUG] 

Request DefaultHttpRequest(decodeResult: success, version: HTTP/1.1)
POST /session/310c41dd2aad912c71f8fbca42f57511/timeouts HTTP/1.1
User-Agent: selenium/4.1.0 (java windows)
Content-Length: 23
Content-Type: application/json; charset=utf-8
host: localhost:59611
accept: */*

Response DefaultHttpResponse(decodeResult: success, version: HTTP/1.1)
HTTP/1.1 200 OK
Content-Type: application/json; charset=utf-8
cache-control: no-cache
content-length: 14

[DEBUG] Adding key: http://localhost:59611 for channel [id: 0x1b4be64a, L:/127.0.0.1:51332 - R:localhost/127.0.0.1:59611]
[DEBUG] Using pooled Channel '[id: 0x1b4be64a, L:/127.0.0.1:51332 - R:localhost/127.0.0.1:59611]' for 'POST' to 'http://localhost:59611/session/310c41dd2aad912c71f8fbca42f57511/url'
[DEBUG] Using open Channel [id: 0x1b4be64a, L:/127.0.0.1:51332 - R:localhost/127.0.0.1:59611] for POST '/session/310c41dd2aad912c71f8fbca42f57511/url'
[DEBUG] Entry count for : http://localhost:51333 : 1
[DEBUG] 

Request DefaultHttpRequest(decodeResult: success, version: HTTP/1.1)
POST /session/310c41dd2aad912c71f8fbca42f57511/url HTTP/1.1
User-Agent: selenium/4.1.0 (java windows)
Content-Length: 60
Content-Type: application/json; charset=utf-8
host: localhost:59611
accept: */*

Response DefaultHttpResponse(decodeResult: success, version: HTTP/1.1)
HTTP/1.1 200 OK
Content-Type: application/json; charset=utf-8
cache-control: no-cache
content-length: 14

[DEBUG] Adding key: http://localhost:59611 for channel [id: 0x1b4be64a, L:/127.0.0.1:51332 - R:localhost/127.0.0.1:59611]
[DEBUG] Using pooled Channel '[id: 0x1b4be64a, L:/127.0.0.1:51332 - R:localhost/127.0.0.1:59611]' for 'POST' to 'http://localhost:59611/session/310c41dd2aad912c71f8fbca42f57511/element'
[DEBUG] Using open Channel [id: 0x1b4be64a, L:/127.0.0.1:51332 - R:localhost/127.0.0.1:59611] for POST '/session/310c41dd2aad912c71f8fbca42f57511/element'
[DEBUG] 

Request DefaultHttpRequest(decodeResult: success, version: HTTP/1.1)
POST /session/310c41dd2aad912c71f8fbca42f57511/element HTTP/1.1
User-Agent: selenium/4.1.0 (java windows)
Content-Length: 84
Content-Type: application/json; charset=utf-8
host: localhost:59611
accept: */*

Response DefaultHttpResponse(decodeResult: success, version: HTTP/1.1)
HTTP/1.1 200 OK
Content-Type: application/json; charset=utf-8
cache-control: no-cache
content-length: 88

[DEBUG] Adding key: http://localhost:59611 for channel [id: 0x1b4be64a, L:/127.0.0.1:51332 - R:localhost/127.0.0.1:59611]
[DEBUG] Using pooled Channel '[id: 0x1b4be64a, L:/127.0.0.1:51332 - R:localhost/127.0.0.1:59611]' for 'POST' to 'http://localhost:59611/session/310c41dd2aad912c71f8fbca42f57511/element/4bd4e4c1-cf0b-4acd-b9de-ecb285a7ce77/click'
[DEBUG] Using open Channel [id: 0x1b4be64a, L:/127.0.0.1:51332 - R:localhost/127.0.0.1:59611] for POST '/session/310c41dd2aad912c71f8fbca42f57511/element/4bd4e4c1-cf0b-4acd-b9de-ecb285a7ce77/click'
[DEBUG] 

Request DefaultHttpRequest(decodeResult: success, version: HTTP/1.1)
POST /session/310c41dd2aad912c71f8fbca42f57511/element/4bd4e4c1-cf0b-4acd-b9de-ecb285a7ce77/click HTTP/1.1
User-Agent: selenium/4.1.0 (java windows)
Content-Length: 50
Content-Type: application/json; charset=utf-8
host: localhost:59611
accept: */*

Response DefaultHttpResponse(decodeResult: success, version: HTTP/1.1)
HTTP/1.1 200 OK
Content-Type: application/json; charset=utf-8
cache-control: no-cache
content-length: 14

[DEBUG] Adding key: http://localhost:59611 for channel [id: 0x1b4be64a, L:/127.0.0.1:51332 - R:localhost/127.0.0.1:59611]
[DEBUG] Using pooled Channel '[id: 0x1b4be64a, L:/127.0.0.1:51332 - R:localhost/127.0.0.1:59611]' for 'POST' to 'http://localhost:59611/session/310c41dd2aad912c71f8fbca42f57511/element'
[DEBUG] Using open Channel [id: 0x1b4be64a, L:/127.0.0.1:51332 - R:localhost/127.0.0.1:59611] for POST '/session/310c41dd2aad912c71f8fbca42f57511/element'
[DEBUG] 

Request DefaultHttpRequest(decodeResult: success, version: HTTP/1.1)
POST /session/310c41dd2aad912c71f8fbca42f57511/element HTTP/1.1
User-Agent: selenium/4.1.0 (java windows)
Content-Length: 46
Content-Type: application/json; charset=utf-8
host: localhost:59611
accept: */*

Response DefaultHttpResponse(decodeResult: success, version: HTTP/1.1)
HTTP/1.1 200 OK
Content-Type: application/json; charset=utf-8
cache-control: no-cache
content-length: 88

[DEBUG] Adding key: http://localhost:59611 for channel [id: 0x1b4be64a, L:/127.0.0.1:51332 - R:localhost/127.0.0.1:59611]
[DEBUG] Using pooled Channel '[id: 0x1b4be64a, L:/127.0.0.1:51332 - R:localhost/127.0.0.1:59611]' for 'POST' to 'http://localhost:59611/session/310c41dd2aad912c71f8fbca42f57511/element/d635cfb5-68b7-44a5-9467-5693ecde797d/click'
[DEBUG] Using open Channel [id: 0x1b4be64a, L:/127.0.0.1:51332 - R:localhost/127.0.0.1:59611] for POST '/session/310c41dd2aad912c71f8fbca42f57511/element/d635cfb5-68b7-44a5-9467-5693ecde797d/click'
[DEBUG] 

Request DefaultHttpRequest(decodeResult: success, version: HTTP/1.1)
POST /session/310c41dd2aad912c71f8fbca42f57511/element/d635cfb5-68b7-44a5-9467-5693ecde797d/click HTTP/1.1
User-Agent: selenium/4.1.0 (java windows)
Content-Length: 50
Content-Type: application/json; charset=utf-8
host: localhost:59611
accept: */*

Response DefaultHttpResponse(decodeResult: success, version: HTTP/1.1)
HTTP/1.1 200 OK
Content-Type: application/json; charset=utf-8
cache-control: no-cache
content-length: 14

[DEBUG] Adding key: http://localhost:59611 for channel [id: 0x1b4be64a, L:/127.0.0.1:51332 - R:localhost/127.0.0.1:59611]
[DEBUG] Using pooled Channel '[id: 0x1b4be64a, L:/127.0.0.1:51332 - R:localhost/127.0.0.1:59611]' for 'POST' to 'http://localhost:59611/session/310c41dd2aad912c71f8fbca42f57511/element'
[DEBUG] Using open Channel [id: 0x1b4be64a, L:/127.0.0.1:51332 - R:localhost/127.0.0.1:59611] for POST '/session/310c41dd2aad912c71f8fbca42f57511/element'
[DEBUG] 

Request DefaultHttpRequest(decodeResult: success, version: HTTP/1.1)
POST /session/310c41dd2aad912c71f8fbca42f57511/element HTTP/1.1
User-Agent: selenium/4.1.0 (java windows)
Content-Length: 58
Content-Type: application/json; charset=utf-8
host: localhost:59611
accept: */*

Response DefaultHttpResponse(decodeResult: success, version: HTTP/1.1)
HTTP/1.1 200 OK
Content-Type: application/json; charset=utf-8
cache-control: no-cache
content-length: 88

[DEBUG] Adding key: http://localhost:59611 for channel [id: 0x1b4be64a, L:/127.0.0.1:51332 - R:localhost/127.0.0.1:59611]
[DEBUG] Using pooled Channel '[id: 0x1b4be64a, L:/127.0.0.1:51332 - R:localhost/127.0.0.1:59611]' for 'POST' to 'http://localhost:59611/session/310c41dd2aad912c71f8fbca42f57511/element/c02a27fd-ea1e-4529-8566-5ace3a44941d/value'
[DEBUG] Using open Channel [id: 0x1b4be64a, L:/127.0.0.1:51332 - R:localhost/127.0.0.1:59611] for POST '/session/310c41dd2aad912c71f8fbca42f57511/element/c02a27fd-ea1e-4529-8566-5ace3a44941d/value'
[DEBUG] 

Request DefaultHttpRequest(decodeResult: success, version: HTTP/1.1)
POST /session/310c41dd2aad912c71f8fbca42f57511/element/c02a27fd-ea1e-4529-8566-5ace3a44941d/value HTTP/1.1
User-Agent: selenium/4.1.0 (java windows)
Content-Length: 121
Content-Type: application/json; charset=utf-8
host: localhost:59611
accept: */*

Response DefaultHttpResponse(decodeResult: success, version: HTTP/1.1)
HTTP/1.1 200 OK
Content-Type: application/json; charset=utf-8
cache-control: no-cache
content-length: 14

[DEBUG] Adding key: http://localhost:59611 for channel [id: 0x1b4be64a, L:/127.0.0.1:51332 - R:localhost/127.0.0.1:59611]
[DEBUG] Using pooled Channel '[id: 0x1b4be64a, L:/127.0.0.1:51332 - R:localhost/127.0.0.1:59611]' for 'POST' to 'http://localhost:59611/session/310c41dd2aad912c71f8fbca42f57511/element'
[DEBUG] Using open Channel [id: 0x1b4be64a, L:/127.0.0.1:51332 - R:localhost/127.0.0.1:59611] for POST '/session/310c41dd2aad912c71f8fbca42f57511/element'
[DEBUG] 

Request DefaultHttpRequest(decodeResult: success, version: HTTP/1.1)
POST /session/310c41dd2aad912c71f8fbca42f57511/element HTTP/1.1
User-Agent: selenium/4.1.0 (java windows)
Content-Length: 61
Content-Type: application/json; charset=utf-8
host: localhost:59611
accept: */*

Response DefaultHttpResponse(decodeResult: success, version: HTTP/1.1)
HTTP/1.1 200 OK
Content-Type: application/json; charset=utf-8
cache-control: no-cache
content-length: 88

[DEBUG] Adding key: http://localhost:59611 for channel [id: 0x1b4be64a, L:/127.0.0.1:51332 - R:localhost/127.0.0.1:59611]
[DEBUG] Using pooled Channel '[id: 0x1b4be64a, L:/127.0.0.1:51332 - R:localhost/127.0.0.1:59611]' for 'POST' to 'http://localhost:59611/session/310c41dd2aad912c71f8fbca42f57511/element/64a709e4-e975-4301-8e65-9d376ec7c07f/value'
[DEBUG] Using open Channel [id: 0x1b4be64a, L:/127.0.0.1:51332 - R:localhost/127.0.0.1:59611] for POST '/session/310c41dd2aad912c71f8fbca42f57511/element/64a709e4-e975-4301-8e65-9d376ec7c07f/value'
[DEBUG] 

Request DefaultHttpRequest(decodeResult: success, version: HTTP/1.1)
POST /session/310c41dd2aad912c71f8fbca42f57511/element/64a709e4-e975-4301-8e65-9d376ec7c07f/value HTTP/1.1
User-Agent: selenium/4.1.0 (java windows)
Content-Length: 121
Content-Type: application/json; charset=utf-8
host: localhost:59611
accept: */*

Response DefaultHttpResponse(decodeResult: success, version: HTTP/1.1)
HTTP/1.1 200 OK
Content-Type: application/json; charset=utf-8
cache-control: no-cache
content-length: 14

[DEBUG] Adding key: http://localhost:59611 for channel [id: 0x1b4be64a, L:/127.0.0.1:51332 - R:localhost/127.0.0.1:59611]
[DEBUG] Using pooled Channel '[id: 0x1b4be64a, L:/127.0.0.1:51332 - R:localhost/127.0.0.1:59611]' for 'POST' to 'http://localhost:59611/session/310c41dd2aad912c71f8fbca42f57511/element'
[DEBUG] Using open Channel [id: 0x1b4be64a, L:/127.0.0.1:51332 - R:localhost/127.0.0.1:59611] for POST '/session/310c41dd2aad912c71f8fbca42f57511/element'
[DEBUG] 

Request DefaultHttpRequest(decodeResult: success, version: HTTP/1.1)
POST /session/310c41dd2aad912c71f8fbca42f57511/element HTTP/1.1
User-Agent: selenium/4.1.0 (java windows)
Content-Length: 66
Content-Type: application/json; charset=utf-8
host: localhost:59611
accept: */*

Response DefaultHttpResponse(decodeResult: success, version: HTTP/1.1)
HTTP/1.1 200 OK
Content-Type: application/json; charset=utf-8
cache-control: no-cache
content-length: 88

[DEBUG] Adding key: http://localhost:59611 for channel [id: 0x1b4be64a, L:/127.0.0.1:51332 - R:localhost/127.0.0.1:59611]
[DEBUG] Using pooled Channel '[id: 0x1b4be64a, L:/127.0.0.1:51332 - R:localhost/127.0.0.1:59611]' for 'POST' to 'http://localhost:59611/session/310c41dd2aad912c71f8fbca42f57511/element/18b08a96-d4df-401a-9052-d8e9421c3b93/click'
[DEBUG] Using open Channel [id: 0x1b4be64a, L:/127.0.0.1:51332 - R:localhost/127.0.0.1:59611] for POST '/session/310c41dd2aad912c71f8fbca42f57511/element/18b08a96-d4df-401a-9052-d8e9421c3b93/click'
[DEBUG] 

Request DefaultHttpRequest(decodeResult: success, version: HTTP/1.1)
POST /session/310c41dd2aad912c71f8fbca42f57511/element/18b08a96-d4df-401a-9052-d8e9421c3b93/click HTTP/1.1
User-Agent: selenium/4.1.0 (java windows)
Content-Length: 50
Content-Type: application/json; charset=utf-8
host: localhost:59611
accept: */*

Response DefaultHttpResponse(decodeResult: success, version: HTTP/1.1)
HTTP/1.1 200 OK
Content-Type: application/json; charset=utf-8
cache-control: no-cache
content-length: 14

[DEBUG] Adding key: http://localhost:59611 for channel [id: 0x1b4be64a, L:/127.0.0.1:51332 - R:localhost/127.0.0.1:59611]
]]></system-out>
    <system-err><![CDATA[Starting ChromeDriver 103.0.5060.53 (a1711811edd74ff1cf2150f36ffa3b0dae40b17f-refs/branch-heads/5060@{#853}) on port 59611
Only local connections are allowed.
Please see https://chromedriver.chromium.org/security-considerations for suggestions on keeping ChromeDriver safe.
ChromeDriver was started successfully.
Jul 12, 2022 2:26:27 AM org.openqa.selenium.remote.ProtocolHandshake createSession
INFO: Detected dialect: W3C
Jul 12, 2022 2:26:27 AM org.openqa.selenium.devtools.CdpVersionFinder findNearestMatch
WARNING: Unable to find an exact match for CDP version 103, so returning the closest version found: a no-op implementation
Jul 12, 2022 2:26:27 AM org.openqa.selenium.devtools.CdpVersionFinder findNearestMatch
INFO: Unable to find CDP implementation matching 103.
Jul 12, 2022 2:26:27 AM org.openqa.selenium.chromium.ChromiumDriver lambda$new$3
WARNING: Unable to find version of CDP to use for . You may need to include a dependency on a specific version of the CDP using something similar to `org.seleniumhq.selenium:selenium-devtools-v86:4.1.0` where the version ("v86") matches the version of the chromium-based browser you're using and the version number of the artifact is the same as Selenium's.
]]></system-err>
  </testcase>
  <testcase name="login[user123@gmail.com, user, Passed](2)" classname="tests.LoginTest" time="0.626">
    <system-out><![CDATA[[DEBUG] Using pooled Channel '[id: 0x1b4be64a, L:/127.0.0.1:51332 - R:localhost/127.0.0.1:59611]' for 'DELETE' to 'http://localhost:59611/session/310c41dd2aad912c71f8fbca42f57511/window'
[DEBUG] Using open Channel [id: 0x1b4be64a, L:/127.0.0.1:51332 - R:localhost/127.0.0.1:59611] for DELETE '/session/310c41dd2aad912c71f8fbca42f57511/window'
[DEBUG] Unexpected I/O exception on channel [id: 0x48500add, L:/127.0.0.1:51339 - R:localhost/127.0.0.1:51333]
java.io.IOException: An existing connection was forcibly closed by the remote host
	at sun.nio.ch.SocketDispatcher.read0(Native Method) ~[na:1.8.0_271]
	at sun.nio.ch.SocketDispatcher.read(SocketDispatcher.java:43) ~[na:1.8.0_271]
	at sun.nio.ch.IOUtil.readIntoNativeBuffer(IOUtil.java:223) ~[na:1.8.0_271]
	at sun.nio.ch.IOUtil.read(IOUtil.java:192) ~[na:1.8.0_271]
	at sun.nio.ch.SocketChannelImpl.read(SocketChannelImpl.java:378) ~[na:1.8.0_271]
	at io.netty.buffer.PooledByteBuf.setBytes(PooledByteBuf.java:253) ~[netty-buffer-4.1.69.Final.jar:4.1.69.Final]
	at io.netty.buffer.AbstractByteBuf.writeBytes(AbstractByteBuf.java:1132) ~[netty-buffer-4.1.69.Final.jar:4.1.69.Final]
	at io.netty.channel.socket.nio.NioSocketChannel.doReadBytes(NioSocketChannel.java:350) ~[netty-transport-4.1.69.Final.jar:4.1.69.Final]
	at io.netty.channel.nio.AbstractNioByteChannel$NioByteUnsafe.read(AbstractNioByteChannel.java:151) ~[netty-transport-4.1.69.Final.jar:4.1.69.Final]
	at io.netty.channel.nio.NioEventLoop.processSelectedKey(NioEventLoop.java:719) [netty-transport-4.1.69.Final.jar:4.1.69.Final]
	at io.netty.channel.nio.NioEventLoop.processSelectedKeysOptimized(NioEventLoop.java:655) [netty-transport-4.1.69.Final.jar:4.1.69.Final]
	at io.netty.channel.nio.NioEventLoop.processSelectedKeys(NioEventLoop.java:581) [netty-transport-4.1.69.Final.jar:4.1.69.Final]
	at io.netty.channel.nio.NioEventLoop.run(NioEventLoop.java:493) [netty-transport-4.1.69.Final.jar:4.1.69.Final]
	at io.netty.util.concurrent.SingleThreadEventExecutor$4.run(SingleThreadEventExecutor.java:986) [netty-common-4.1.69.Final.jar:4.1.69.Final]
	at io.netty.util.internal.ThreadExecutorMap$2.run(ThreadExecutorMap.java:74) [netty-common-4.1.69.Final.jar:4.1.69.Final]
	at io.netty.util.concurrent.FastThreadLocalRunnable.run(FastThreadLocalRunnable.java:30) [netty-common-4.1.69.Final.jar:4.1.69.Final]
	at java.lang.Thread.run(Thread.java:748) [na:1.8.0_271]
[DEBUG] Unexpected I/O exception on channel [id: 0x60f1738d, L:/127.0.0.1:51340 - R:localhost/127.0.0.1:51333]
java.io.IOException: An existing connection was forcibly closed by the remote host
	at sun.nio.ch.SocketDispatcher.read0(Native Method) ~[na:1.8.0_271]
	at sun.nio.ch.SocketDispatcher.read(SocketDispatcher.java:43) ~[na:1.8.0_271]
	at sun.nio.ch.IOUtil.readIntoNativeBuffer(IOUtil.java:223) ~[na:1.8.0_271]
	at sun.nio.ch.IOUtil.read(IOUtil.java:192) ~[na:1.8.0_271]
	at sun.nio.ch.SocketChannelImpl.read(SocketChannelImpl.java:378) ~[na:1.8.0_271]
	at io.netty.buffer.PooledByteBuf.setBytes(PooledByteBuf.java:253) ~[netty-buffer-4.1.69.Final.jar:4.1.69.Final]
	at io.netty.buffer.AbstractByteBuf.writeBytes(AbstractByteBuf.java:1132) ~[netty-buffer-4.1.69.Final.jar:4.1.69.Final]
	at io.netty.channel.socket.nio.NioSocketChannel.doReadBytes(NioSocketChannel.java:350) ~[netty-transport-4.1.69.Final.jar:4.1.69.Final]
	at io.netty.channel.nio.AbstractNioByteChannel$NioByteUnsafe.read(AbstractNioByteChannel.java:151) ~[netty-transport-4.1.69.Final.jar:4.1.69.Final]
	at io.netty.channel.nio.NioEventLoop.processSelectedKey(NioEventLoop.java:719) [netty-transport-4.1.69.Final.jar:4.1.69.Final]
	at io.netty.channel.nio.NioEventLoop.processSelectedKeysOptimized(NioEventLoop.java:655) [netty-transport-4.1.69.Final.jar:4.1.69.Final]
	at io.netty.channel.nio.NioEventLoop.processSelectedKeys(NioEventLoop.java:581) [netty-transport-4.1.69.Final.jar:4.1.69.Final]
	at io.netty.channel.nio.NioEventLoop.run(NioEventLoop.java:493) [netty-transport-4.1.69.Final.jar:4.1.69.Final]
	at io.netty.util.concurrent.SingleThreadEventExecutor$4.run(SingleThreadEventExecutor.java:986) [netty-common-4.1.69.Final.jar:4.1.69.Final]
	at io.netty.util.internal.ThreadExecutorMap$2.run(ThreadExecutorMap.java:74) [netty-common-4.1.69.Final.jar:4.1.69.Final]
	at io.netty.util.concurrent.FastThreadLocalRunnable.run(FastThreadLocalRunnable.java:30) [netty-common-4.1.69.Final.jar:4.1.69.Final]
	at java.lang.Thread.run(Thread.java:748) [na:1.8.0_271]
[DEBUG] Closing Channel [id: 0x48500add, L:/127.0.0.1:51339 - R:localhost/127.0.0.1:51333] 
[DEBUG] Trying to recover from dead Channel: [id: 0x60f1738d, L:/127.0.0.1:51340 - R:localhost/127.0.0.1:51333]
[DEBUG] Channel Closed: [id: 0x60f1738d, L:/127.0.0.1:51340 ! R:localhost/127.0.0.1:51333] with attribute NettyResponseFuture{currentRetry=5,
	isDone=1,
	isCancelled=0,
	asyncHandler=org.asynchttpclient.ws.WebSocketUpgradeHandler@4a01ccfa,
	nettyRequest=org.asynchttpclient.netty.request.NettyRequest@421393fe,
	future=java.util.concurrent.CompletableFuture@366ea5a[Completed normally],
	uri=ws://localhost:51333/devtools/browser/0cf97166-77b2-4f92-8289-fdcd03bde827,
	keepAlive=true,
	redirectCount=0,
	timeoutsHolder=null,
	inAuth=0,
	touch=1657572989114}
[DEBUG] Closing Channel [id: 0x60f1738d, L:/127.0.0.1:51340 ! R:localhost/127.0.0.1:51333] 
[DEBUG] Channel Closed: [id: 0x48500add, L:/127.0.0.1:51339 ! R:localhost/127.0.0.1:51333] with attribute DISCARD
[DEBUG] 

Request DefaultFullHttpRequest(decodeResult: success, version: HTTP/1.1, content: EmptyByteBufBE)
DELETE /session/310c41dd2aad912c71f8fbca42f57511/window HTTP/1.1
User-Agent: selenium/4.1.0 (java windows)
Content-Type: application/json; charset=utf-8
host: localhost:59611
accept: */*

Response DefaultHttpResponse(decodeResult: success, version: HTTP/1.1)
HTTP/1.1 200 OK
Content-Type: application/json; charset=utf-8
cache-control: no-cache
content-length: 12

[DEBUG] Adding key: http://localhost:59611 for channel [id: 0x1b4be64a, L:/127.0.0.1:51332 - R:localhost/127.0.0.1:59611]
[DEBUG] Entry count for : http://localhost:59611 : 1
[DEBUG] Entry count for : http://localhost:51333 : 1
[DEBUG] Adding Candidate expired Channel [id: 0x48500add, L:/127.0.0.1:51339 ! R:localhost/127.0.0.1:51333] isIdleTimeoutExpired=false isRemotelyClosed=true isTtlExpired=false
[DEBUG] Closing Idle Channel [id: 0x48500add, L:/127.0.0.1:51339 ! R:localhost/127.0.0.1:51333]
[DEBUG] Closed 1 connections out of 2 in 1 ms
[DEBUG] Resolution chrome=103 in cache (valid until 03:23:49 12/07/2022 IST)
[DEBUG] Resolution chrome103=103.0.5060.53 in cache (valid until 00:00:31 13/07/2022 IST)
[INFO] Using chromedriver 103.0.5060.53 (resolved driver for Chrome 103)
[DEBUG] Driver chromedriver 103.0.5060.53 found in cache
[INFO] Exporting webdriver.chrome.driver as C:\Users\Akshay\.cache\selenium\chromedriver\win32\103.0.5060.53\chromedriver.exe
[DEBUG] Using new Channel '[id: 0x403d82e4, L:/127.0.0.1:51353 - R:localhost/127.0.0.1:57332]' for 'POST' to '/session'
[DEBUG] 

Request DefaultHttpRequest(decodeResult: success, version: HTTP/1.1)
POST /session HTTP/1.1
User-Agent: selenium/4.1.0 (java windows)
Content-Length: 365
Content-Type: application/json; charset=utf-8
host: localhost:57332
accept: */*

Response DefaultHttpResponse(decodeResult: success, version: HTTP/1.1)
HTTP/1.1 200 OK
Content-Type: application/json; charset=utf-8
cache-control: no-cache
content-length: 791

[DEBUG] Adding key: http://localhost:57332 for channel [id: 0x403d82e4, L:/127.0.0.1:51353 - R:localhost/127.0.0.1:57332]
[DEBUG] Using new Channel '[id: 0x3eb7ffd1, L:/127.0.0.1:51361 - R:localhost/127.0.0.1:51355]' for 'GET' to '/json/version'
[DEBUG] 

Request DefaultFullHttpRequest(decodeResult: success, version: HTTP/1.1, content: EmptyByteBufBE)
GET /json/version HTTP/1.1
User-Agent: selenium/4.1.0 (java windows)
host: localhost:51355
accept: */*

Response DefaultHttpResponse(decodeResult: success, version: HTTP/1.1)
HTTP/1.1 200 OK
Content-Type: application/json; charset=UTF-8
content-length: 429

[DEBUG] Adding key: http://localhost:51355 for channel [id: 0x3eb7ffd1, L:/127.0.0.1:51361 - R:localhost/127.0.0.1:51355]
[DEBUG] Using new Channel '[id: 0x29e77429, L:/127.0.0.1:51362 - R:localhost/127.0.0.1:51355]' for 'GET' to '/devtools/browser/f8a79809-de8c-4ffe-93ad-4af83781a44f'
[DEBUG] 

Request DefaultFullHttpRequest(decodeResult: success, version: HTTP/1.1, content: EmptyByteBufBE)
GET /devtools/browser/f8a79809-de8c-4ffe-93ad-4af83781a44f HTTP/1.1
upgrade: websocket
connection: upgrade
sec-websocket-key: oO1YMwHjFxnTISDLxowuDQ==
sec-websocket-version: 13
origin: http://localhost:51355
host: localhost:51355
accept: */*
user-agent: AHC/2.1

Response DefaultHttpResponse(decodeResult: success, version: HTTP/1.1)
HTTP/1.1 101 WebSocket Protocol Handshake
Upgrade: WebSocket
Connection: Upgrade
Sec-WebSocket-Accept: U9h00630kTyEBbYaHH9bQcsjaIc=

[DEBUG] Using pooled Channel '[id: 0x403d82e4, L:/127.0.0.1:51353 - R:localhost/127.0.0.1:57332]' for 'POST' to 'http://localhost:57332/session/04042b51164bf7d994b3333049ffae79/window/maximize'
[DEBUG] Using open Channel [id: 0x403d82e4, L:/127.0.0.1:51353 - R:localhost/127.0.0.1:57332] for POST '/session/04042b51164bf7d994b3333049ffae79/window/maximize'
[DEBUG] Entry count for : http://localhost:59611 : 1
[DEBUG] Entry count for : http://localhost:51355 : 1
[DEBUG] 

Request DefaultHttpRequest(decodeResult: success, version: HTTP/1.1)
POST /session/04042b51164bf7d994b3333049ffae79/window/maximize HTTP/1.1
User-Agent: selenium/4.1.0 (java windows)
Content-Length: 3
Content-Type: application/json; charset=utf-8
host: localhost:57332
accept: */*

Response DefaultHttpResponse(decodeResult: success, version: HTTP/1.1)
HTTP/1.1 200 OK
Content-Type: application/json; charset=utf-8
cache-control: no-cache
content-length: 52

[DEBUG] Adding key: http://localhost:57332 for channel [id: 0x403d82e4, L:/127.0.0.1:51353 - R:localhost/127.0.0.1:57332]
[DEBUG] Using pooled Channel '[id: 0x403d82e4, L:/127.0.0.1:51353 - R:localhost/127.0.0.1:57332]' for 'POST' to 'http://localhost:57332/session/04042b51164bf7d994b3333049ffae79/timeouts'
[DEBUG] Using open Channel [id: 0x403d82e4, L:/127.0.0.1:51353 - R:localhost/127.0.0.1:57332] for POST '/session/04042b51164bf7d994b3333049ffae79/timeouts'
[DEBUG] 

Request DefaultHttpRequest(decodeResult: success, version: HTTP/1.1)
POST /session/04042b51164bf7d994b3333049ffae79/timeouts HTTP/1.1
User-Agent: selenium/4.1.0 (java windows)
Content-Length: 23
Content-Type: application/json; charset=utf-8
host: localhost:57332
accept: */*

Response DefaultHttpResponse(decodeResult: success, version: HTTP/1.1)
HTTP/1.1 200 OK
Content-Type: application/json; charset=utf-8
cache-control: no-cache
content-length: 14

[DEBUG] Adding key: http://localhost:57332 for channel [id: 0x403d82e4, L:/127.0.0.1:51353 - R:localhost/127.0.0.1:57332]
[DEBUG] Using pooled Channel '[id: 0x403d82e4, L:/127.0.0.1:51353 - R:localhost/127.0.0.1:57332]' for 'POST' to 'http://localhost:57332/session/04042b51164bf7d994b3333049ffae79/url'
[DEBUG] Using open Channel [id: 0x403d82e4, L:/127.0.0.1:51353 - R:localhost/127.0.0.1:57332] for POST '/session/04042b51164bf7d994b3333049ffae79/url'
[DEBUG] 

Request DefaultHttpRequest(decodeResult: success, version: HTTP/1.1)
POST /session/04042b51164bf7d994b3333049ffae79/url HTTP/1.1
User-Agent: selenium/4.1.0 (java windows)
Content-Length: 60
Content-Type: application/json; charset=utf-8
host: localhost:57332
accept: */*

Response DefaultHttpResponse(decodeResult: success, version: HTTP/1.1)
HTTP/1.1 200 OK
Content-Type: application/json; charset=utf-8
cache-control: no-cache
content-length: 14

[DEBUG] Adding key: http://localhost:57332 for channel [id: 0x403d82e4, L:/127.0.0.1:51353 - R:localhost/127.0.0.1:57332]
[DEBUG] Using pooled Channel '[id: 0x403d82e4, L:/127.0.0.1:51353 - R:localhost/127.0.0.1:57332]' for 'POST' to 'http://localhost:57332/session/04042b51164bf7d994b3333049ffae79/element'
[DEBUG] Using open Channel [id: 0x403d82e4, L:/127.0.0.1:51353 - R:localhost/127.0.0.1:57332] for POST '/session/04042b51164bf7d994b3333049ffae79/element'
[DEBUG] 

Request DefaultHttpRequest(decodeResult: success, version: HTTP/1.1)
POST /session/04042b51164bf7d994b3333049ffae79/element HTTP/1.1
User-Agent: selenium/4.1.0 (java windows)
Content-Length: 84
Content-Type: application/json; charset=utf-8
host: localhost:57332
accept: */*

Response DefaultHttpResponse(decodeResult: success, version: HTTP/1.1)
HTTP/1.1 200 OK
Content-Type: application/json; charset=utf-8
cache-control: no-cache
content-length: 88

[DEBUG] Adding key: http://localhost:57332 for channel [id: 0x403d82e4, L:/127.0.0.1:51353 - R:localhost/127.0.0.1:57332]
[DEBUG] Using pooled Channel '[id: 0x403d82e4, L:/127.0.0.1:51353 - R:localhost/127.0.0.1:57332]' for 'POST' to 'http://localhost:57332/session/04042b51164bf7d994b3333049ffae79/element/70ef8df2-c10b-4b12-81b4-a45191ead9fd/click'
[DEBUG] Using open Channel [id: 0x403d82e4, L:/127.0.0.1:51353 - R:localhost/127.0.0.1:57332] for POST '/session/04042b51164bf7d994b3333049ffae79/element/70ef8df2-c10b-4b12-81b4-a45191ead9fd/click'
[DEBUG] 

Request DefaultHttpRequest(decodeResult: success, version: HTTP/1.1)
POST /session/04042b51164bf7d994b3333049ffae79/element/70ef8df2-c10b-4b12-81b4-a45191ead9fd/click HTTP/1.1
User-Agent: selenium/4.1.0 (java windows)
Content-Length: 50
Content-Type: application/json; charset=utf-8
host: localhost:57332
accept: */*

Response DefaultHttpResponse(decodeResult: success, version: HTTP/1.1)
HTTP/1.1 200 OK
Content-Type: application/json; charset=utf-8
cache-control: no-cache
content-length: 14

[DEBUG] Adding key: http://localhost:57332 for channel [id: 0x403d82e4, L:/127.0.0.1:51353 - R:localhost/127.0.0.1:57332]
[DEBUG] Using pooled Channel '[id: 0x403d82e4, L:/127.0.0.1:51353 - R:localhost/127.0.0.1:57332]' for 'POST' to 'http://localhost:57332/session/04042b51164bf7d994b3333049ffae79/element'
[DEBUG] Using open Channel [id: 0x403d82e4, L:/127.0.0.1:51353 - R:localhost/127.0.0.1:57332] for POST '/session/04042b51164bf7d994b3333049ffae79/element'
[DEBUG] 

Request DefaultHttpRequest(decodeResult: success, version: HTTP/1.1)
POST /session/04042b51164bf7d994b3333049ffae79/element HTTP/1.1
User-Agent: selenium/4.1.0 (java windows)
Content-Length: 46
Content-Type: application/json; charset=utf-8
host: localhost:57332
accept: */*

Response DefaultHttpResponse(decodeResult: success, version: HTTP/1.1)
HTTP/1.1 200 OK
Content-Type: application/json; charset=utf-8
cache-control: no-cache
content-length: 88

[DEBUG] Adding key: http://localhost:57332 for channel [id: 0x403d82e4, L:/127.0.0.1:51353 - R:localhost/127.0.0.1:57332]
[DEBUG] Using pooled Channel '[id: 0x403d82e4, L:/127.0.0.1:51353 - R:localhost/127.0.0.1:57332]' for 'POST' to 'http://localhost:57332/session/04042b51164bf7d994b3333049ffae79/element/70e4eb42-3e3a-4cd1-9c39-9cef5c430d8c/click'
[DEBUG] Using open Channel [id: 0x403d82e4, L:/127.0.0.1:51353 - R:localhost/127.0.0.1:57332] for POST '/session/04042b51164bf7d994b3333049ffae79/element/70e4eb42-3e3a-4cd1-9c39-9cef5c430d8c/click'
[DEBUG] 

Request DefaultHttpRequest(decodeResult: success, version: HTTP/1.1)
POST /session/04042b51164bf7d994b3333049ffae79/element/70e4eb42-3e3a-4cd1-9c39-9cef5c430d8c/click HTTP/1.1
User-Agent: selenium/4.1.0 (java windows)
Content-Length: 50
Content-Type: application/json; charset=utf-8
host: localhost:57332
accept: */*

Response DefaultHttpResponse(decodeResult: success, version: HTTP/1.1)
HTTP/1.1 200 OK
Content-Type: application/json; charset=utf-8
cache-control: no-cache
content-length: 14

[DEBUG] Adding key: http://localhost:57332 for channel [id: 0x403d82e4, L:/127.0.0.1:51353 - R:localhost/127.0.0.1:57332]
[DEBUG] Using pooled Channel '[id: 0x403d82e4, L:/127.0.0.1:51353 - R:localhost/127.0.0.1:57332]' for 'POST' to 'http://localhost:57332/session/04042b51164bf7d994b3333049ffae79/element'
[DEBUG] Using open Channel [id: 0x403d82e4, L:/127.0.0.1:51353 - R:localhost/127.0.0.1:57332] for POST '/session/04042b51164bf7d994b3333049ffae79/element'
[DEBUG] 

Request DefaultHttpRequest(decodeResult: success, version: HTTP/1.1)
POST /session/04042b51164bf7d994b3333049ffae79/element HTTP/1.1
User-Agent: selenium/4.1.0 (java windows)
Content-Length: 58
Content-Type: application/json; charset=utf-8
host: localhost:57332
accept: */*

Response DefaultHttpResponse(decodeResult: success, version: HTTP/1.1)
HTTP/1.1 200 OK
Content-Type: application/json; charset=utf-8
cache-control: no-cache
content-length: 88

[DEBUG] Adding key: http://localhost:57332 for channel [id: 0x403d82e4, L:/127.0.0.1:51353 - R:localhost/127.0.0.1:57332]
[DEBUG] Using pooled Channel '[id: 0x403d82e4, L:/127.0.0.1:51353 - R:localhost/127.0.0.1:57332]' for 'POST' to 'http://localhost:57332/session/04042b51164bf7d994b3333049ffae79/element/046e8cba-7f09-4186-815f-c33c2fd6571b/value'
[DEBUG] Using open Channel [id: 0x403d82e4, L:/127.0.0.1:51353 - R:localhost/127.0.0.1:57332] for POST '/session/04042b51164bf7d994b3333049ffae79/element/046e8cba-7f09-4186-815f-c33c2fd6571b/value'
[DEBUG] 

Request DefaultHttpRequest(decodeResult: success, version: HTTP/1.1)
POST /session/04042b51164bf7d994b3333049ffae79/element/046e8cba-7f09-4186-815f-c33c2fd6571b/value HTTP/1.1
User-Agent: selenium/4.1.0 (java windows)
Content-Length: 251
Content-Type: application/json; charset=utf-8
host: localhost:57332
accept: */*

Response DefaultHttpResponse(decodeResult: success, version: HTTP/1.1)
HTTP/1.1 200 OK
Content-Type: application/json; charset=utf-8
cache-control: no-cache
content-length: 14

[DEBUG] Adding key: http://localhost:57332 for channel [id: 0x403d82e4, L:/127.0.0.1:51353 - R:localhost/127.0.0.1:57332]
[DEBUG] Using pooled Channel '[id: 0x403d82e4, L:/127.0.0.1:51353 - R:localhost/127.0.0.1:57332]' for 'POST' to 'http://localhost:57332/session/04042b51164bf7d994b3333049ffae79/element'
[DEBUG] Using open Channel [id: 0x403d82e4, L:/127.0.0.1:51353 - R:localhost/127.0.0.1:57332] for POST '/session/04042b51164bf7d994b3333049ffae79/element'
[DEBUG] 

Request DefaultHttpRequest(decodeResult: success, version: HTTP/1.1)
POST /session/04042b51164bf7d994b3333049ffae79/element HTTP/1.1
User-Agent: selenium/4.1.0 (java windows)
Content-Length: 61
Content-Type: application/json; charset=utf-8
host: localhost:57332
accept: */*

Response DefaultHttpResponse(decodeResult: success, version: HTTP/1.1)
HTTP/1.1 200 OK
Content-Type: application/json; charset=utf-8
cache-control: no-cache
content-length: 88

[DEBUG] Adding key: http://localhost:57332 for channel [id: 0x403d82e4, L:/127.0.0.1:51353 - R:localhost/127.0.0.1:57332]
[DEBUG] Using pooled Channel '[id: 0x403d82e4, L:/127.0.0.1:51353 - R:localhost/127.0.0.1:57332]' for 'POST' to 'http://localhost:57332/session/04042b51164bf7d994b3333049ffae79/element/93275347-dbc3-455b-baef-fbeb1e178a9e/value'
[DEBUG] Using open Channel [id: 0x403d82e4, L:/127.0.0.1:51353 - R:localhost/127.0.0.1:57332] for POST '/session/04042b51164bf7d994b3333049ffae79/element/93275347-dbc3-455b-baef-fbeb1e178a9e/value'
[DEBUG] Entry count for : http://localhost:59611 : 1
[DEBUG] Entry count for : http://localhost:51355 : 1
[DEBUG] 

Request DefaultHttpRequest(decodeResult: success, version: HTTP/1.1)
POST /session/04042b51164bf7d994b3333049ffae79/element/93275347-dbc3-455b-baef-fbeb1e178a9e/value HTTP/1.1
User-Agent: selenium/4.1.0 (java windows)
Content-Length: 121
Content-Type: application/json; charset=utf-8
host: localhost:57332
accept: */*

Response DefaultHttpResponse(decodeResult: success, version: HTTP/1.1)
HTTP/1.1 200 OK
Content-Type: application/json; charset=utf-8
cache-control: no-cache
content-length: 14

[DEBUG] Adding key: http://localhost:57332 for channel [id: 0x403d82e4, L:/127.0.0.1:51353 - R:localhost/127.0.0.1:57332]
[DEBUG] Using pooled Channel '[id: 0x403d82e4, L:/127.0.0.1:51353 - R:localhost/127.0.0.1:57332]' for 'POST' to 'http://localhost:57332/session/04042b51164bf7d994b3333049ffae79/element'
[DEBUG] Using open Channel [id: 0x403d82e4, L:/127.0.0.1:51353 - R:localhost/127.0.0.1:57332] for POST '/session/04042b51164bf7d994b3333049ffae79/element'
[DEBUG] 

Request DefaultHttpRequest(decodeResult: success, version: HTTP/1.1)
POST /session/04042b51164bf7d994b3333049ffae79/element HTTP/1.1
User-Agent: selenium/4.1.0 (java windows)
Content-Length: 66
Content-Type: application/json; charset=utf-8
host: localhost:57332
accept: */*

Response DefaultHttpResponse(decodeResult: success, version: HTTP/1.1)
HTTP/1.1 200 OK
Content-Type: application/json; charset=utf-8
cache-control: no-cache
content-length: 88

[DEBUG] Adding key: http://localhost:57332 for channel [id: 0x403d82e4, L:/127.0.0.1:51353 - R:localhost/127.0.0.1:57332]
[DEBUG] Using pooled Channel '[id: 0x403d82e4, L:/127.0.0.1:51353 - R:localhost/127.0.0.1:57332]' for 'POST' to 'http://localhost:57332/session/04042b51164bf7d994b3333049ffae79/element/4faae8a8-1ce9-4c99-8120-1e464d312233/click'
[DEBUG] Using open Channel [id: 0x403d82e4, L:/127.0.0.1:51353 - R:localhost/127.0.0.1:57332] for POST '/session/04042b51164bf7d994b3333049ffae79/element/4faae8a8-1ce9-4c99-8120-1e464d312233/click'
[DEBUG] 

Request DefaultHttpRequest(decodeResult: success, version: HTTP/1.1)
POST /session/04042b51164bf7d994b3333049ffae79/element/4faae8a8-1ce9-4c99-8120-1e464d312233/click HTTP/1.1
User-Agent: selenium/4.1.0 (java windows)
Content-Length: 50
Content-Type: application/json; charset=utf-8
host: localhost:57332
accept: */*

Response DefaultHttpResponse(decodeResult: success, version: HTTP/1.1)
HTTP/1.1 200 OK
Content-Type: application/json; charset=utf-8
cache-control: no-cache
content-length: 14

[DEBUG] Adding key: http://localhost:57332 for channel [id: 0x403d82e4, L:/127.0.0.1:51353 - R:localhost/127.0.0.1:57332]
]]></system-out>
    <system-err><![CDATA[Starting ChromeDriver 103.0.5060.53 (a1711811edd74ff1cf2150f36ffa3b0dae40b17f-refs/branch-heads/5060@{#853}) on port 57332
Only local connections are allowed.
Please see https://chromedriver.chromium.org/security-considerations for suggestions on keeping ChromeDriver safe.
ChromeDriver was started successfully.
Jul 12, 2022 2:26:30 AM org.openqa.selenium.remote.ProtocolHandshake createSession
INFO: Detected dialect: W3C
Jul 12, 2022 2:26:30 AM org.openqa.selenium.devtools.CdpVersionFinder findNearestMatch
WARNING: Unable to find an exact match for CDP version 103, so returning the closest version found: a no-op implementation
Jul 12, 2022 2:26:30 AM org.openqa.selenium.devtools.CdpVersionFinder findNearestMatch
INFO: Unable to find CDP implementation matching 103.
Jul 12, 2022 2:26:30 AM org.openqa.selenium.chromium.ChromiumDriver lambda$new$3
WARNING: Unable to find version of CDP to use for . You may need to include a dependency on a specific version of the CDP using something similar to `org.seleniumhq.selenium:selenium-devtools-v86:4.1.0` where the version ("v86") matches the version of the chromium-based browser you're using and the version number of the artifact is the same as Selenium's.
]]></system-err>
  </testcase>
  <testcase name="login[abc@gmail.com, abc, Failure](3)" classname="tests.LoginTest" time="0.58">
    <failure message="expected [Failure] but found [Passed]" type="java.lang.AssertionError"><![CDATA[java.lang.AssertionError: expected [Failure] but found [Passed]
	at org.testng.Assert.fail(Assert.java:99)
	at org.testng.Assert.failNotEquals(Assert.java:1037)
	at org.testng.Assert.assertEqualsImpl(Assert.java:140)
	at org.testng.Assert.assertEquals(Assert.java:122)
	at org.testng.Assert.assertEquals(Assert.java:629)
	at org.testng.Assert.assertEquals(Assert.java:639)
	at tests.LoginTest.login(LoginTest.java:47)
	at sun.reflect.NativeMethodAccessorImpl.invoke0(Native Method)
	at sun.reflect.NativeMethodAccessorImpl.invoke(NativeMethodAccessorImpl.java:62)
	at sun.reflect.DelegatingMethodAccessorImpl.invoke(DelegatingMethodAccessorImpl.java:43)
	at java.lang.reflect.Method.invoke(Method.java:498)
	at org.testng.internal.MethodInvocationHelper.invokeMethod(MethodInvocationHelper.java:133)
	at org.testng.internal.TestInvoker.invokeMethod(TestInvoker.java:598)
	at org.testng.internal.TestInvoker.invokeTestMethod(TestInvoker.java:173)
	at org.testng.internal.MethodRunner.runInSequence(MethodRunner.java:46)
	at org.testng.internal.TestInvoker$MethodInvocationAgent.invoke(TestInvoker.java:824)
	at org.testng.internal.TestInvoker.invokeTestMethods(TestInvoker.java:146)
	at org.testng.internal.TestMethodWorker.invokeTestMethods(TestMethodWorker.java:146)
	at org.testng.internal.TestMethodWorker.run(TestMethodWorker.java:128)
	at java.util.ArrayList.forEach(ArrayList.java:1259)
	at org.testng.TestRunner.privateRun(TestRunner.java:794)
	at org.testng.TestRunner.run(TestRunner.java:596)
	at org.testng.SuiteRunner.runTest(SuiteRunner.java:377)
	at org.testng.SuiteRunner.runSequentially(SuiteRunner.java:371)
	at org.testng.SuiteRunner.privateRun(SuiteRunner.java:332)
	at org.testng.SuiteRunner.run(SuiteRunner.java:276)
	at org.testng.SuiteRunnerWorker.runSuite(SuiteRunnerWorker.java:53)
	at org.testng.SuiteRunnerWorker.run(SuiteRunnerWorker.java:96)
	at org.testng.TestNG.runSuitesSequentially(TestNG.java:1212)
	at org.testng.TestNG.runSuitesLocally(TestNG.java:1134)
	at org.testng.TestNG.runSuites(TestNG.java:1063)
	at org.testng.TestNG.run(TestNG.java:1031)
	at org.apache.maven.surefire.testng.TestNGExecutor.run(TestNGExecutor.java:324)
	at org.apache.maven.surefire.testng.TestNGXmlTestSuite.execute(TestNGXmlTestSuite.java:74)
	at org.apache.maven.surefire.testng.TestNGProvider.invoke(TestNGProvider.java:123)
	at org.apache.maven.surefire.booter.ForkedBooter.runSuitesInProcess(ForkedBooter.java:456)
	at org.apache.maven.surefire.booter.ForkedBooter.execute(ForkedBooter.java:169)
	at org.apache.maven.surefire.booter.ForkedBooter.run(ForkedBooter.java:595)
	at org.apache.maven.surefire.booter.ForkedBooter.main(ForkedBooter.java:581)
]]></failure>
    <system-out><![CDATA[[DEBUG] Using pooled Channel '[id: 0x403d82e4, L:/127.0.0.1:51353 - R:localhost/127.0.0.1:57332]' for 'DELETE' to 'http://localhost:57332/session/04042b51164bf7d994b3333049ffae79/window'
[DEBUG] Using open Channel [id: 0x403d82e4, L:/127.0.0.1:51353 - R:localhost/127.0.0.1:57332] for DELETE '/session/04042b51164bf7d994b3333049ffae79/window'
[DEBUG] Unexpected I/O exception on channel [id: 0x3eb7ffd1, L:/127.0.0.1:51361 - R:localhost/127.0.0.1:51355]
java.io.IOException: An existing connection was forcibly closed by the remote host
	at sun.nio.ch.SocketDispatcher.read0(Native Method) ~[na:1.8.0_271]
	at sun.nio.ch.SocketDispatcher.read(SocketDispatcher.java:43) ~[na:1.8.0_271]
	at sun.nio.ch.IOUtil.readIntoNativeBuffer(IOUtil.java:223) ~[na:1.8.0_271]
	at sun.nio.ch.IOUtil.read(IOUtil.java:192) ~[na:1.8.0_271]
	at sun.nio.ch.SocketChannelImpl.read(SocketChannelImpl.java:378) ~[na:1.8.0_271]
	at io.netty.buffer.PooledByteBuf.setBytes(PooledByteBuf.java:253) ~[netty-buffer-4.1.69.Final.jar:4.1.69.Final]
	at io.netty.buffer.AbstractByteBuf.writeBytes(AbstractByteBuf.java:1132) ~[netty-buffer-4.1.69.Final.jar:4.1.69.Final]
	at io.netty.buffer.WrappedByteBuf.writeBytes(WrappedByteBuf.java:821) ~[netty-buffer-4.1.69.Final.jar:4.1.69.Final]
	at io.netty.channel.socket.nio.NioSocketChannel.doReadBytes(NioSocketChannel.java:350) ~[netty-transport-4.1.69.Final.jar:4.1.69.Final]
	at io.netty.channel.nio.AbstractNioByteChannel$NioByteUnsafe.read(AbstractNioByteChannel.java:151) ~[netty-transport-4.1.69.Final.jar:4.1.69.Final]
	at io.netty.channel.nio.NioEventLoop.processSelectedKey(NioEventLoop.java:719) [netty-transport-4.1.69.Final.jar:4.1.69.Final]
	at io.netty.channel.nio.NioEventLoop.processSelectedKeysOptimized(NioEventLoop.java:655) [netty-transport-4.1.69.Final.jar:4.1.69.Final]
	at io.netty.channel.nio.NioEventLoop.processSelectedKeys(NioEventLoop.java:581) [netty-transport-4.1.69.Final.jar:4.1.69.Final]
	at io.netty.channel.nio.NioEventLoop.run(NioEventLoop.java:493) [netty-transport-4.1.69.Final.jar:4.1.69.Final]
	at io.netty.util.concurrent.SingleThreadEventExecutor$4.run(SingleThreadEventExecutor.java:986) [netty-common-4.1.69.Final.jar:4.1.69.Final]
	at io.netty.util.internal.ThreadExecutorMap$2.run(ThreadExecutorMap.java:74) [netty-common-4.1.69.Final.jar:4.1.69.Final]
	at io.netty.util.concurrent.FastThreadLocalRunnable.run(FastThreadLocalRunnable.java:30) [netty-common-4.1.69.Final.jar:4.1.69.Final]
	at java.lang.Thread.run(Thread.java:748) [na:1.8.0_271]
[DEBUG] Unexpected I/O exception on channel [id: 0x29e77429, L:/127.0.0.1:51362 - R:localhost/127.0.0.1:51355]
java.io.IOException: An existing connection was forcibly closed by the remote host
	at sun.nio.ch.SocketDispatcher.read0(Native Method) ~[na:1.8.0_271]
	at sun.nio.ch.SocketDispatcher.read(SocketDispatcher.java:43) ~[na:1.8.0_271]
	at sun.nio.ch.IOUtil.readIntoNativeBuffer(IOUtil.java:223) ~[na:1.8.0_271]
	at sun.nio.ch.IOUtil.read(IOUtil.java:192) ~[na:1.8.0_271]
	at sun.nio.ch.SocketChannelImpl.read(SocketChannelImpl.java:378) ~[na:1.8.0_271]
	at io.netty.buffer.PooledByteBuf.setBytes(PooledByteBuf.java:253) ~[netty-buffer-4.1.69.Final.jar:4.1.69.Final]
	at io.netty.buffer.AbstractByteBuf.writeBytes(AbstractByteBuf.java:1132) ~[netty-buffer-4.1.69.Final.jar:4.1.69.Final]
	at io.netty.channel.socket.nio.NioSocketChannel.doReadBytes(NioSocketChannel.java:350) ~[netty-transport-4.1.69.Final.jar:4.1.69.Final]
	at io.netty.channel.nio.AbstractNioByteChannel$NioByteUnsafe.read(AbstractNioByteChannel.java:151) ~[netty-transport-4.1.69.Final.jar:4.1.69.Final]
	at io.netty.channel.nio.NioEventLoop.processSelectedKey(NioEventLoop.java:719) [netty-transport-4.1.69.Final.jar:4.1.69.Final]
	at io.netty.channel.nio.NioEventLoop.processSelectedKeysOptimized(NioEventLoop.java:655) [netty-transport-4.1.69.Final.jar:4.1.69.Final]
	at io.netty.channel.nio.NioEventLoop.processSelectedKeys(NioEventLoop.java:581) [netty-transport-4.1.69.Final.jar:4.1.69.Final]
	at io.netty.channel.nio.NioEventLoop.run(NioEventLoop.java:493) [netty-transport-4.1.69.Final.jar:4.1.69.Final]
	at io.netty.util.concurrent.SingleThreadEventExecutor$4.run(SingleThreadEventExecutor.java:986) [netty-common-4.1.69.Final.jar:4.1.69.Final]
	at io.netty.util.internal.ThreadExecutorMap$2.run(ThreadExecutorMap.java:74) [netty-common-4.1.69.Final.jar:4.1.69.Final]
	at io.netty.util.concurrent.FastThreadLocalRunnable.run(FastThreadLocalRunnable.java:30) [netty-common-4.1.69.Final.jar:4.1.69.Final]
	at java.lang.Thread.run(Thread.java:748) [na:1.8.0_271]
[DEBUG] Closing Channel [id: 0x3eb7ffd1, L:/127.0.0.1:51361 - R:localhost/127.0.0.1:51355] 
[DEBUG] Trying to recover from dead Channel: [id: 0x29e77429, L:/127.0.0.1:51362 - R:localhost/127.0.0.1:51355]
[DEBUG] Channel Closed: [id: 0x29e77429, L:/127.0.0.1:51362 ! R:localhost/127.0.0.1:51355] with attribute NettyResponseFuture{currentRetry=5,
	isDone=1,
	isCancelled=0,
	asyncHandler=org.asynchttpclient.ws.WebSocketUpgradeHandler@6c860046,
	nettyRequest=org.asynchttpclient.netty.request.NettyRequest@298483b2,
	future=java.util.concurrent.CompletableFuture@3cb67a6f[Completed normally],
	uri=ws://localhost:51355/devtools/browser/f8a79809-de8c-4ffe-93ad-4af83781a44f,
	keepAlive=true,
	redirectCount=0,
	timeoutsHolder=null,
	inAuth=0,
	touch=1657572991676}
[DEBUG] Channel Closed: [id: 0x3eb7ffd1, L:/127.0.0.1:51361 ! R:localhost/127.0.0.1:51355] with attribute DISCARD
[DEBUG] Closing Channel [id: 0x29e77429, L:/127.0.0.1:51362 ! R:localhost/127.0.0.1:51355] 
[DEBUG] 

Request DefaultFullHttpRequest(decodeResult: success, version: HTTP/1.1, content: EmptyByteBufBE)
DELETE /session/04042b51164bf7d994b3333049ffae79/window HTTP/1.1
User-Agent: selenium/4.1.0 (java windows)
Content-Type: application/json; charset=utf-8
host: localhost:57332
accept: */*

Response DefaultHttpResponse(decodeResult: success, version: HTTP/1.1)
HTTP/1.1 200 OK
Content-Type: application/json; charset=utf-8
cache-control: no-cache
content-length: 12

[DEBUG] Adding key: http://localhost:57332 for channel [id: 0x403d82e4, L:/127.0.0.1:51353 - R:localhost/127.0.0.1:57332]
[DEBUG] Resolution chrome=103 in cache (valid until 03:23:49 12/07/2022 IST)
[DEBUG] Resolution chrome103=103.0.5060.53 in cache (valid until 00:00:31 13/07/2022 IST)
[INFO] Using chromedriver 103.0.5060.53 (resolved driver for Chrome 103)
[DEBUG] Driver chromedriver 103.0.5060.53 found in cache
[INFO] Exporting webdriver.chrome.driver as C:\Users\Akshay\.cache\selenium\chromedriver\win32\103.0.5060.53\chromedriver.exe
[DEBUG] Using new Channel '[id: 0x4378e436, L:/127.0.0.1:51376 - R:localhost/127.0.0.1:59938]' for 'POST' to '/session'
[DEBUG] Entry count for : http://localhost:57332 : 1
[DEBUG] Entry count for : http://localhost:59611 : 1
[DEBUG] Entry count for : http://localhost:51355 : 1
[DEBUG] Adding Candidate expired Channel [id: 0x3eb7ffd1, L:/127.0.0.1:51361 ! R:localhost/127.0.0.1:51355] isIdleTimeoutExpired=false isRemotelyClosed=true isTtlExpired=false
[DEBUG] Closing Idle Channel [id: 0x3eb7ffd1, L:/127.0.0.1:51361 ! R:localhost/127.0.0.1:51355]
[DEBUG] Closed 1 connections out of 3 in 0 ms
[DEBUG] 

Request DefaultHttpRequest(decodeResult: success, version: HTTP/1.1)
POST /session HTTP/1.1
User-Agent: selenium/4.1.0 (java windows)
Content-Length: 365
Content-Type: application/json; charset=utf-8
host: localhost:59938
accept: */*

Response DefaultHttpResponse(decodeResult: success, version: HTTP/1.1)
HTTP/1.1 200 OK
Content-Type: application/json; charset=utf-8
cache-control: no-cache
content-length: 791

[DEBUG] Adding key: http://localhost:59938 for channel [id: 0x4378e436, L:/127.0.0.1:51376 - R:localhost/127.0.0.1:59938]
[DEBUG] Using new Channel '[id: 0xc60b5b1f, L:/127.0.0.1:51383 - R:localhost/127.0.0.1:51377]' for 'GET' to '/json/version'
[DEBUG] 

Request DefaultFullHttpRequest(decodeResult: success, version: HTTP/1.1, content: EmptyByteBufBE)
GET /json/version HTTP/1.1
User-Agent: selenium/4.1.0 (java windows)
host: localhost:51377
accept: */*

Response DefaultHttpResponse(decodeResult: success, version: HTTP/1.1)
HTTP/1.1 200 OK
Content-Type: application/json; charset=UTF-8
content-length: 429

[DEBUG] Adding key: http://localhost:51377 for channel [id: 0xc60b5b1f, L:/127.0.0.1:51383 - R:localhost/127.0.0.1:51377]
[DEBUG] Using new Channel '[id: 0x84fdb8c2, L:/127.0.0.1:51384 - R:localhost/127.0.0.1:51377]' for 'GET' to '/devtools/browser/0550d2f7-097e-4360-815c-496757a61f69'
[DEBUG] 

Request DefaultFullHttpRequest(decodeResult: success, version: HTTP/1.1, content: EmptyByteBufBE)
GET /devtools/browser/0550d2f7-097e-4360-815c-496757a61f69 HTTP/1.1
upgrade: websocket
connection: upgrade
sec-websocket-key: 9KzZZamCJOGnTFnpa6egnA==
sec-websocket-version: 13
origin: http://localhost:51377
host: localhost:51377
accept: */*
user-agent: AHC/2.1

Response DefaultHttpResponse(decodeResult: success, version: HTTP/1.1)
HTTP/1.1 101 WebSocket Protocol Handshake
Upgrade: WebSocket
Connection: Upgrade
Sec-WebSocket-Accept: 1VXjQ5ff5ZMdx1dGTQmnfgcyFTw=

[DEBUG] Using pooled Channel '[id: 0x4378e436, L:/127.0.0.1:51376 - R:localhost/127.0.0.1:59938]' for 'POST' to 'http://localhost:59938/session/9e2564267386295b4aac8c5be0c1caa0/window/maximize'
[DEBUG] Using open Channel [id: 0x4378e436, L:/127.0.0.1:51376 - R:localhost/127.0.0.1:59938] for POST '/session/9e2564267386295b4aac8c5be0c1caa0/window/maximize'
[DEBUG] 

Request DefaultHttpRequest(decodeResult: success, version: HTTP/1.1)
POST /session/9e2564267386295b4aac8c5be0c1caa0/window/maximize HTTP/1.1
User-Agent: selenium/4.1.0 (java windows)
Content-Length: 3
Content-Type: application/json; charset=utf-8
host: localhost:59938
accept: */*

Response DefaultHttpResponse(decodeResult: success, version: HTTP/1.1)
HTTP/1.1 200 OK
Content-Type: application/json; charset=utf-8
cache-control: no-cache
content-length: 52

[DEBUG] Adding key: http://localhost:59938 for channel [id: 0x4378e436, L:/127.0.0.1:51376 - R:localhost/127.0.0.1:59938]
[DEBUG] Using pooled Channel '[id: 0x4378e436, L:/127.0.0.1:51376 - R:localhost/127.0.0.1:59938]' for 'POST' to 'http://localhost:59938/session/9e2564267386295b4aac8c5be0c1caa0/timeouts'
[DEBUG] Using open Channel [id: 0x4378e436, L:/127.0.0.1:51376 - R:localhost/127.0.0.1:59938] for POST '/session/9e2564267386295b4aac8c5be0c1caa0/timeouts'
[DEBUG] 

Request DefaultHttpRequest(decodeResult: success, version: HTTP/1.1)
POST /session/9e2564267386295b4aac8c5be0c1caa0/timeouts HTTP/1.1
User-Agent: selenium/4.1.0 (java windows)
Content-Length: 23
Content-Type: application/json; charset=utf-8
host: localhost:59938
accept: */*

Response DefaultHttpResponse(decodeResult: success, version: HTTP/1.1)
HTTP/1.1 200 OK
Content-Type: application/json; charset=utf-8
cache-control: no-cache
content-length: 14

[DEBUG] Adding key: http://localhost:59938 for channel [id: 0x4378e436, L:/127.0.0.1:51376 - R:localhost/127.0.0.1:59938]
[DEBUG] Using pooled Channel '[id: 0x4378e436, L:/127.0.0.1:51376 - R:localhost/127.0.0.1:59938]' for 'POST' to 'http://localhost:59938/session/9e2564267386295b4aac8c5be0c1caa0/url'
[DEBUG] Using open Channel [id: 0x4378e436, L:/127.0.0.1:51376 - R:localhost/127.0.0.1:59938] for POST '/session/9e2564267386295b4aac8c5be0c1caa0/url'
[DEBUG] Entry count for : http://localhost:57332 : 1
[DEBUG] Entry count for : http://localhost:59611 : 1
[DEBUG] Entry count for : http://localhost:51377 : 1
[DEBUG] 

Request DefaultHttpRequest(decodeResult: success, version: HTTP/1.1)
POST /session/9e2564267386295b4aac8c5be0c1caa0/url HTTP/1.1
User-Agent: selenium/4.1.0 (java windows)
Content-Length: 60
Content-Type: application/json; charset=utf-8
host: localhost:59938
accept: */*

Response DefaultHttpResponse(decodeResult: success, version: HTTP/1.1)
HTTP/1.1 200 OK
Content-Type: application/json; charset=utf-8
cache-control: no-cache
content-length: 14

[DEBUG] Adding key: http://localhost:59938 for channel [id: 0x4378e436, L:/127.0.0.1:51376 - R:localhost/127.0.0.1:59938]
[DEBUG] Using pooled Channel '[id: 0x4378e436, L:/127.0.0.1:51376 - R:localhost/127.0.0.1:59938]' for 'POST' to 'http://localhost:59938/session/9e2564267386295b4aac8c5be0c1caa0/element'
[DEBUG] Using open Channel [id: 0x4378e436, L:/127.0.0.1:51376 - R:localhost/127.0.0.1:59938] for POST '/session/9e2564267386295b4aac8c5be0c1caa0/element'
[DEBUG] 

Request DefaultHttpRequest(decodeResult: success, version: HTTP/1.1)
POST /session/9e2564267386295b4aac8c5be0c1caa0/element HTTP/1.1
User-Agent: selenium/4.1.0 (java windows)
Content-Length: 84
Content-Type: application/json; charset=utf-8
host: localhost:59938
accept: */*

Response DefaultHttpResponse(decodeResult: success, version: HTTP/1.1)
HTTP/1.1 200 OK
Content-Type: application/json; charset=utf-8
cache-control: no-cache
content-length: 88

[DEBUG] Adding key: http://localhost:59938 for channel [id: 0x4378e436, L:/127.0.0.1:51376 - R:localhost/127.0.0.1:59938]
[DEBUG] Using pooled Channel '[id: 0x4378e436, L:/127.0.0.1:51376 - R:localhost/127.0.0.1:59938]' for 'POST' to 'http://localhost:59938/session/9e2564267386295b4aac8c5be0c1caa0/element/e4395cd9-d397-408c-8a4e-884d3497d7b6/click'
[DEBUG] Using open Channel [id: 0x4378e436, L:/127.0.0.1:51376 - R:localhost/127.0.0.1:59938] for POST '/session/9e2564267386295b4aac8c5be0c1caa0/element/e4395cd9-d397-408c-8a4e-884d3497d7b6/click'
[DEBUG] 

Request DefaultHttpRequest(decodeResult: success, version: HTTP/1.1)
POST /session/9e2564267386295b4aac8c5be0c1caa0/element/e4395cd9-d397-408c-8a4e-884d3497d7b6/click HTTP/1.1
User-Agent: selenium/4.1.0 (java windows)
Content-Length: 50
Content-Type: application/json; charset=utf-8
host: localhost:59938
accept: */*

Response DefaultHttpResponse(decodeResult: success, version: HTTP/1.1)
HTTP/1.1 200 OK
Content-Type: application/json; charset=utf-8
cache-control: no-cache
content-length: 14

[DEBUG] Adding key: http://localhost:59938 for channel [id: 0x4378e436, L:/127.0.0.1:51376 - R:localhost/127.0.0.1:59938]
[DEBUG] Using pooled Channel '[id: 0x4378e436, L:/127.0.0.1:51376 - R:localhost/127.0.0.1:59938]' for 'POST' to 'http://localhost:59938/session/9e2564267386295b4aac8c5be0c1caa0/element'
[DEBUG] Using open Channel [id: 0x4378e436, L:/127.0.0.1:51376 - R:localhost/127.0.0.1:59938] for POST '/session/9e2564267386295b4aac8c5be0c1caa0/element'
[DEBUG] 

Request DefaultHttpRequest(decodeResult: success, version: HTTP/1.1)
POST /session/9e2564267386295b4aac8c5be0c1caa0/element HTTP/1.1
User-Agent: selenium/4.1.0 (java windows)
Content-Length: 46
Content-Type: application/json; charset=utf-8
host: localhost:59938
accept: */*

Response DefaultHttpResponse(decodeResult: success, version: HTTP/1.1)
HTTP/1.1 200 OK
Content-Type: application/json; charset=utf-8
cache-control: no-cache
content-length: 88

[DEBUG] Adding key: http://localhost:59938 for channel [id: 0x4378e436, L:/127.0.0.1:51376 - R:localhost/127.0.0.1:59938]
[DEBUG] Using pooled Channel '[id: 0x4378e436, L:/127.0.0.1:51376 - R:localhost/127.0.0.1:59938]' for 'POST' to 'http://localhost:59938/session/9e2564267386295b4aac8c5be0c1caa0/element/04eb902f-8946-46f3-b521-182cfdad606a/click'
[DEBUG] Using open Channel [id: 0x4378e436, L:/127.0.0.1:51376 - R:localhost/127.0.0.1:59938] for POST '/session/9e2564267386295b4aac8c5be0c1caa0/element/04eb902f-8946-46f3-b521-182cfdad606a/click'
[DEBUG] 

Request DefaultHttpRequest(decodeResult: success, version: HTTP/1.1)
POST /session/9e2564267386295b4aac8c5be0c1caa0/element/04eb902f-8946-46f3-b521-182cfdad606a/click HTTP/1.1
User-Agent: selenium/4.1.0 (java windows)
Content-Length: 50
Content-Type: application/json; charset=utf-8
host: localhost:59938
accept: */*

Response DefaultHttpResponse(decodeResult: success, version: HTTP/1.1)
HTTP/1.1 200 OK
Content-Type: application/json; charset=utf-8
cache-control: no-cache
content-length: 14

[DEBUG] Adding key: http://localhost:59938 for channel [id: 0x4378e436, L:/127.0.0.1:51376 - R:localhost/127.0.0.1:59938]
[DEBUG] Using pooled Channel '[id: 0x4378e436, L:/127.0.0.1:51376 - R:localhost/127.0.0.1:59938]' for 'POST' to 'http://localhost:59938/session/9e2564267386295b4aac8c5be0c1caa0/element'
[DEBUG] Using open Channel [id: 0x4378e436, L:/127.0.0.1:51376 - R:localhost/127.0.0.1:59938] for POST '/session/9e2564267386295b4aac8c5be0c1caa0/element'
[DEBUG] 

Request DefaultHttpRequest(decodeResult: success, version: HTTP/1.1)
POST /session/9e2564267386295b4aac8c5be0c1caa0/element HTTP/1.1
User-Agent: selenium/4.1.0 (java windows)
Content-Length: 58
Content-Type: application/json; charset=utf-8
host: localhost:59938
accept: */*

Response DefaultHttpResponse(decodeResult: success, version: HTTP/1.1)
HTTP/1.1 200 OK
Content-Type: application/json; charset=utf-8
cache-control: no-cache
content-length: 88

[DEBUG] Adding key: http://localhost:59938 for channel [id: 0x4378e436, L:/127.0.0.1:51376 - R:localhost/127.0.0.1:59938]
[DEBUG] Using pooled Channel '[id: 0x4378e436, L:/127.0.0.1:51376 - R:localhost/127.0.0.1:59938]' for 'POST' to 'http://localhost:59938/session/9e2564267386295b4aac8c5be0c1caa0/element/d3ff291a-c573-4c32-ac75-2a1d5414682c/value'
[DEBUG] Using open Channel [id: 0x4378e436, L:/127.0.0.1:51376 - R:localhost/127.0.0.1:59938] for POST '/session/9e2564267386295b4aac8c5be0c1caa0/element/d3ff291a-c573-4c32-ac75-2a1d5414682c/value'
[DEBUG] 

Request DefaultHttpRequest(decodeResult: success, version: HTTP/1.1)
POST /session/9e2564267386295b4aac8c5be0c1caa0/element/d3ff291a-c573-4c32-ac75-2a1d5414682c/value HTTP/1.1
User-Agent: selenium/4.1.0 (java windows)
Content-Length: 211
Content-Type: application/json; charset=utf-8
host: localhost:59938
accept: */*

Response DefaultHttpResponse(decodeResult: success, version: HTTP/1.1)
HTTP/1.1 200 OK
Content-Type: application/json; charset=utf-8
cache-control: no-cache
content-length: 14

[DEBUG] Adding key: http://localhost:59938 for channel [id: 0x4378e436, L:/127.0.0.1:51376 - R:localhost/127.0.0.1:59938]
[DEBUG] Using pooled Channel '[id: 0x4378e436, L:/127.0.0.1:51376 - R:localhost/127.0.0.1:59938]' for 'POST' to 'http://localhost:59938/session/9e2564267386295b4aac8c5be0c1caa0/element'
[DEBUG] Using open Channel [id: 0x4378e436, L:/127.0.0.1:51376 - R:localhost/127.0.0.1:59938] for POST '/session/9e2564267386295b4aac8c5be0c1caa0/element'
[DEBUG] 

Request DefaultHttpRequest(decodeResult: success, version: HTTP/1.1)
POST /session/9e2564267386295b4aac8c5be0c1caa0/element HTTP/1.1
User-Agent: selenium/4.1.0 (java windows)
Content-Length: 61
Content-Type: application/json; charset=utf-8
host: localhost:59938
accept: */*

Response DefaultHttpResponse(decodeResult: success, version: HTTP/1.1)
HTTP/1.1 200 OK
Content-Type: application/json; charset=utf-8
cache-control: no-cache
content-length: 88

[DEBUG] Adding key: http://localhost:59938 for channel [id: 0x4378e436, L:/127.0.0.1:51376 - R:localhost/127.0.0.1:59938]
[DEBUG] Using pooled Channel '[id: 0x4378e436, L:/127.0.0.1:51376 - R:localhost/127.0.0.1:59938]' for 'POST' to 'http://localhost:59938/session/9e2564267386295b4aac8c5be0c1caa0/element/c3cbbe02-e340-4083-85da-cde2e5660fa9/value'
[DEBUG] Using open Channel [id: 0x4378e436, L:/127.0.0.1:51376 - R:localhost/127.0.0.1:59938] for POST '/session/9e2564267386295b4aac8c5be0c1caa0/element/c3cbbe02-e340-4083-85da-cde2e5660fa9/value'
[DEBUG] 

Request DefaultHttpRequest(decodeResult: success, version: HTTP/1.1)
POST /session/9e2564267386295b4aac8c5be0c1caa0/element/c3cbbe02-e340-4083-85da-cde2e5660fa9/value HTTP/1.1
User-Agent: selenium/4.1.0 (java windows)
Content-Length: 111
Content-Type: application/json; charset=utf-8
host: localhost:59938
accept: */*

Response DefaultHttpResponse(decodeResult: success, version: HTTP/1.1)
HTTP/1.1 200 OK
Content-Type: application/json; charset=utf-8
cache-control: no-cache
content-length: 14

[DEBUG] Adding key: http://localhost:59938 for channel [id: 0x4378e436, L:/127.0.0.1:51376 - R:localhost/127.0.0.1:59938]
[DEBUG] Using pooled Channel '[id: 0x4378e436, L:/127.0.0.1:51376 - R:localhost/127.0.0.1:59938]' for 'POST' to 'http://localhost:59938/session/9e2564267386295b4aac8c5be0c1caa0/element'
[DEBUG] Using open Channel [id: 0x4378e436, L:/127.0.0.1:51376 - R:localhost/127.0.0.1:59938] for POST '/session/9e2564267386295b4aac8c5be0c1caa0/element'
[DEBUG] 

Request DefaultHttpRequest(decodeResult: success, version: HTTP/1.1)
POST /session/9e2564267386295b4aac8c5be0c1caa0/element HTTP/1.1
User-Agent: selenium/4.1.0 (java windows)
Content-Length: 66
Content-Type: application/json; charset=utf-8
host: localhost:59938
accept: */*

Response DefaultHttpResponse(decodeResult: success, version: HTTP/1.1)
HTTP/1.1 200 OK
Content-Type: application/json; charset=utf-8
cache-control: no-cache
content-length: 88

[DEBUG] Adding key: http://localhost:59938 for channel [id: 0x4378e436, L:/127.0.0.1:51376 - R:localhost/127.0.0.1:59938]
[DEBUG] Using pooled Channel '[id: 0x4378e436, L:/127.0.0.1:51376 - R:localhost/127.0.0.1:59938]' for 'POST' to 'http://localhost:59938/session/9e2564267386295b4aac8c5be0c1caa0/element/5d93a8da-1195-4406-b4d8-9b05c994bcd8/click'
[DEBUG] Using open Channel [id: 0x4378e436, L:/127.0.0.1:51376 - R:localhost/127.0.0.1:59938] for POST '/session/9e2564267386295b4aac8c5be0c1caa0/element/5d93a8da-1195-4406-b4d8-9b05c994bcd8/click'
[DEBUG] 

Request DefaultHttpRequest(decodeResult: success, version: HTTP/1.1)
POST /session/9e2564267386295b4aac8c5be0c1caa0/element/5d93a8da-1195-4406-b4d8-9b05c994bcd8/click HTTP/1.1
User-Agent: selenium/4.1.0 (java windows)
Content-Length: 50
Content-Type: application/json; charset=utf-8
host: localhost:59938
accept: */*

Response DefaultHttpResponse(decodeResult: success, version: HTTP/1.1)
HTTP/1.1 200 OK
Content-Type: application/json; charset=utf-8
cache-control: no-cache
content-length: 14

[DEBUG] Adding key: http://localhost:59938 for channel [id: 0x4378e436, L:/127.0.0.1:51376 - R:localhost/127.0.0.1:59938]
]]></system-out>
    <system-err><![CDATA[Starting ChromeDriver 103.0.5060.53 (a1711811edd74ff1cf2150f36ffa3b0dae40b17f-refs/branch-heads/5060@{#853}) on port 59938
Only local connections are allowed.
Please see https://chromedriver.chromium.org/security-considerations for suggestions on keeping ChromeDriver safe.
ChromeDriver was started successfully.
Jul 12, 2022 2:26:32 AM org.openqa.selenium.remote.ProtocolHandshake createSession
INFO: Detected dialect: W3C
Jul 12, 2022 2:26:32 AM org.openqa.selenium.devtools.CdpVersionFinder findNearestMatch
WARNING: Unable to find an exact match for CDP version 103, so returning the closest version found: a no-op implementation
Jul 12, 2022 2:26:32 AM org.openqa.selenium.devtools.CdpVersionFinder findNearestMatch
INFO: Unable to find CDP implementation matching 103.
Jul 12, 2022 2:26:32 AM org.openqa.selenium.chromium.ChromiumDriver lambda$new$3
WARNING: Unable to find version of CDP to use for . You may need to include a dependency on a specific version of the CDP using something similar to `org.seleniumhq.selenium:selenium-devtools-v86:4.1.0` where the version ("v86") matches the version of the chromium-based browser you're using and the version number of the artifact is the same as Selenium's.
]]></system-err>
  </testcase>
</testsuite>